Copyright 1986-1999, 2001-2013 Xilinx, Inc. All Rights Reserved.
------------------------------------------------------------------------------------------------------------
| Tool Version : Vivado v.2013.4 (lin64) Build 353583 Mon Dec  9 17:26:26 MST 2013
| Date         : Sat Mar 15 16:26:43 2014
| Host         : macbook running 64-bit Arch Linux
| Command      : report_timing_summary -file top_timing_summary_routed.rpt -pb top_timing_summary_routed.pb
| Design       : top
| Device       : 7z020-clg484
| Speed File   : -1  PRODUCTION 1.09 2013-11-22
------------------------------------------------------------------------------------------------------------

Timing Summary Report

------------------------------------------------------------------------------------------------
| Timer Settings
| --------------
------------------------------------------------------------------------------------------------

  Enable Multi Corner Analysis               :  Yes
  Enable Pessimism Removal                   :  Yes
  Pessimism Removal Resolution               :  Nearest Common Node
  Enable Input Delay Default Clock           :  No
  Enable Preset / Clear Arcs                 :  No
  Disable Flight Delays                      :  No

  Corner  Analyze    Analyze    
  Name    Max Paths  Min Paths  
  ------  ---------  ---------  
  Slow    Yes        Yes        
  Fast    Yes        Yes        


------------------------------------------------------------------------------------------------
| Check Timing
| ------------
------------------------------------------------------------------------------------------------


Checking 'no_clock'.
 There are 0 register/latch pins with no clock.
 There are 0 register/latch pins with constant_clock.

Checking 'unconstrained_internal_endpoints'.
 There are 0 pins that are not constrained for maximum delay.
 There are 0 pins that are not constrained for maximum delay due to constant clock.

Checking 'no_input_delay'.
 There are 0 input ports with no input delay specified.

Checking 'no_output_delay'.
 There are 7 ports with no output delay specified.

Checking 'multiple_clock'.
 There are 0 register/latch pins with related clocks.
 There are 0 register/latch pins with exclusive clocks.

Checking 'generated_clocks'.
 There are 0 generated clocks that are not connected to a clock source.

Checking 'loops'.
 There are 0 combinational loops in the design.

Checking 'partial_input_delay'.
 There are 0 input ports with partial input delay specified.

Checking 'partial_output_delay'.
 There are 0 ports with partial output delay specified.

Checking 'unexpandable_clocks'.
 There are 0 related clock pairs.
 There are 0 User Ignored clock pairs.

Checking 'latch_loops'.
 There are 0 combinational latch loops in the design through latch input

------------------------------------------------------------------------------------------------
| Design Timing Summary
| ---------------------
------------------------------------------------------------------------------------------------

    WNS(ns)      TNS(ns)  TNS Failing Endpoints  TNS Total Endpoints      WHS(ns)      THS(ns)  THS Failing Endpoints  THS Total Endpoints     WPWS(ns)     TPWS(ns)  TPWS Failing Endpoints  TPWS Total Endpoints  
    -------      -------  ---------------------  -------------------      -------      -------  ---------------------  -------------------     --------     --------  ----------------------  --------------------  
     -0.277       -3.784                     22                   54        0.268        0.000                      0                   54        1.500        0.000                       0                    34  


Timing constraints are not met.


------------------------------------------------------------------------------------------------
| Clock Summary
| -------------
------------------------------------------------------------------------------------------------

Clock                    Waveform(ns)         Period(ns)      Frequency(MHz)
-----                    ------------         ----------      --------------
gclk                     {0.000 5.000}        10.000          100.000         
  clk_250MHz_clk_base_1  {0.000 2.000}        4.000           250.000         
  clkfbout_clk_base_1    {0.000 5.000}        10.000          100.000         


------------------------------------------------------------------------------------------------
| Intra Clock Table
| -----------------
------------------------------------------------------------------------------------------------

Clock                        WNS(ns)      TNS(ns)  TNS Failing Endpoints  TNS Total Endpoints      WHS(ns)      THS(ns)  THS Failing Endpoints  THS Total Endpoints     WPWS(ns)     TPWS(ns)  TPWS Failing Endpoints  TPWS Total Endpoints  
-----                        -------      -------  ---------------------  -------------------      -------      -------  ---------------------  -------------------     --------     --------  ----------------------  --------------------  
gclk                                                                                                                                                                       8.751        0.000                       0                     3  
  clk_250MHz_clk_base_1       -0.277       -3.784                     22                   54        0.268        0.000                      0                   54        1.500        0.000                       0                    30  
  clkfbout_clk_base_1                                                                                                                                                      7.845        0.000                       0                     3  


------------------------------------------------------------------------------------------------
| Inter Clock Table
| -----------------
------------------------------------------------------------------------------------------------

From Clock    To Clock          WNS(ns)      TNS(ns)  TNS Failing Endpoints  TNS Total Endpoints      WHS(ns)      THS(ns)  THS Failing Endpoints  THS Total Endpoints  
----------    --------          -------      -------  ---------------------  -------------------      -------      -------  ---------------------  -------------------  


------------------------------------------------------------------------------------------------
| Other Path Groups Table
| -----------------------
------------------------------------------------------------------------------------------------

Path Group    From Clock    To Clock          WNS(ns)      TNS(ns)  TNS Failing Endpoints  TNS Total Endpoints      WHS(ns)      THS(ns)  THS Failing Endpoints  THS Total Endpoints  
----------    ----------    --------          -------      -------  ---------------------  -------------------      -------      -------  ---------------------  -------------------  


------------------------------------------------------------------------------------------------
| Timing Details
| --------------
------------------------------------------------------------------------------------------------


---------------------------------------------------------------------------------------------------
From Clock:  gclk
  To Clock:  gclk

Setup :               Failing Endpoints,  Worst Slack               ,  Total Violation             
Hold  :               Failing Endpoints,  Worst Slack               ,  Total Violation             
PW    :            0  Failing Endpoints,  Worst Slack        8.751ns,  Total Violation        0.000ns
---------------------------------------------------------------------------------------------------


Pulse Width Checks
--------------------------------------------------------------------------------------
Clock Name:         gclk
Waveform:           { 0 5 }
Period:             10.000
Sources:            { gclk }

Check Type  Corner  Lib Pin              Reference Pin  Required  Actual  Slack   Location         Pin
Min Period  n/a     MMCME2_ADV/CLKFBOUT  n/a            1.249     10.000  8.751   MMCME2_ADV_X0Y0  fastclk/U0/mmcm_adv_inst/CLKFBOUT
Max Period  n/a     MMCME2_ADV/CLKIN1    n/a            100.000   10.000  90.000  MMCME2_ADV_X0Y0  fastclk/U0/mmcm_adv_inst/CLKIN1



---------------------------------------------------------------------------------------------------
From Clock:  clk_250MHz_clk_base_1
  To Clock:  clk_250MHz_clk_base_1

Setup :           22  Failing Endpoints,  Worst Slack       -0.277ns,  Total Violation       -3.784ns
Hold  :            0  Failing Endpoints,  Worst Slack        0.268ns,  Total Violation        0.000ns
PW    :            0  Failing Endpoints,  Worst Slack        1.500ns,  Total Violation        0.000ns
---------------------------------------------------------------------------------------------------


Max Delay Paths
--------------------------------------------------------------------------------------
Slack (VIOLATED) :        -0.277ns  (required time - arrival time)
  Source:                 timer_reg[13]/C
                            (rising edge-triggered cell FDRE clocked by clk_250MHz_clk_base_1  {rise@0.000ns fall@2.000ns period=4.000ns})
  Destination:            timer_reg[10]/R
                            (rising edge-triggered cell FDRE clocked by clk_250MHz_clk_base_1  {rise@0.000ns fall@2.000ns period=4.000ns})
  Path Group:             clk_250MHz_clk_base_1
  Path Type:              Setup (Max at Slow Process Corner)
  Requirement:            4.000ns  (clk_250MHz_clk_base_1 rise@4.000ns - clk_250MHz_clk_base_1 rise@0.000ns)
  Data Path Delay:        3.756ns  (logic 1.774ns (47.227%)  route 1.982ns (52.773%))
  Logic Levels:           4  (CARRY4=2 LUT1=1 LUT5=1)
  Clock Path Skew:        -0.026ns (DCD - SCD + CPR)
    Destination Clock Delay (DCD):    -1.379ns = ( 2.621 - 4.000 ) 
    Source Clock Delay      (SCD):    -0.737ns
    Clock Pessimism Removal (CPR):    0.617ns
  Clock Uncertainty:      0.065ns  ((TSJ^2 + DJ^2)^1/2) / 2 + PE
    Total System Jitter     (TSJ):    0.071ns
    Discrete Jitter          (DJ):    0.110ns
    Phase Error              (PE):    0.000ns

    Location             Delay type                Incr(ns)  Path(ns)    Netlist Resource(s)
  -------------------------------------------------------------------    -------------------
                         (clock clk_250MHz_clk_base_1 rise edge)
                                                      0.000     0.000 r  
    Y9                                                0.000     0.000 r  gclk
                         net (fo=0)                   0.000     0.000    fastclk/U0/clk_100MHz
    Y9                   IBUF (Prop_ibuf_I_O)         1.490     1.490 r  fastclk/U0/clkin1_ibufg/O
                         net (fo=1, routed)           1.285     2.775    fastclk/U0/clk_100MHz_clk_base
    MMCME2_ADV_X0Y0      MMCME2_ADV (Prop_mmcme2_adv_CLKIN1_CLKOUT0)
                                                     -7.343    -4.568 r  fastclk/U0/mmcm_adv_inst/CLKOUT0
                         net (fo=1, routed)           1.855    -2.713    fastclk/U0/clk_250MHz_clk_base
    BUFGCTRL_X0Y0        BUFG (Prop_bufg_I_O)         0.101    -2.612 r  fastclk/U0/clkout1_buf/O
                         net (fo=28, routed)          1.875    -0.737    clk_250MHz
    SLICE_X110Y37                                                     r  timer_reg[13]/C
  -------------------------------------------------------------------    -------------------
    SLICE_X110Y37        FDRE (Prop_fdre_C_Q)         0.456    -0.281 r  timer_reg[13]/Q
                         net (fo=3, routed)           0.953     0.673    timer_reg[13]
    SLICE_X111Y38        LUT5 (Prop_lut5_I3_O)        0.124     0.797 r  timer[0]_i_17/O
                         net (fo=1, routed)           0.000     0.797    n_0_timer[0]_i_17
    SLICE_X111Y38        CARRY4 (Prop_carry4_S[1]_CO[3])
                                                      0.550     1.347 r  timer_reg[0]_i_8/CO[3]
                         net (fo=1, routed)           0.000     1.347    n_0_timer_reg[0]_i_8
    SLICE_X111Y39        CARRY4 (Prop_carry4_CI_CO[0])
                                                      0.271     1.618 f  timer_reg[0]_i_3/CO[0]
                         net (fo=3, routed)           0.311     1.929    ltOp
    SLICE_X111Y40        LUT1 (Prop_lut1_I0_O)        0.373     2.302 r  timer[0]_i_1/O
                         net (fo=26, routed)          0.718     3.020    p_1_out0
    SLICE_X110Y36        FDRE                                         r  timer_reg[10]/R
  -------------------------------------------------------------------    -------------------

                         (clock clk_250MHz_clk_base_1 rise edge)
                                                      4.000     4.000 r  
    Y9                                                0.000     4.000 r  gclk
                         net (fo=0)                   0.000     4.000    fastclk/U0/clk_100MHz
    Y9                   IBUF (Prop_ibuf_I_O)         1.420     5.420 r  fastclk/U0/clkin1_ibufg/O
                         net (fo=1, routed)           1.162     6.582    fastclk/U0/clk_100MHz_clk_base
    MMCME2_ADV_X0Y0      MMCME2_ADV (Prop_mmcme2_adv_CLKIN1_CLKOUT0)
                                                     -7.438    -0.856 r  fastclk/U0/mmcm_adv_inst/CLKOUT0
                         net (fo=1, routed)           1.691     0.835    fastclk/U0/clk_250MHz_clk_base
    BUFGCTRL_X0Y0        BUFG (Prop_bufg_I_O)         0.091     0.926 r  fastclk/U0/clkout1_buf/O
                         net (fo=28, routed)          1.694     2.621    clk_250MHz
    SLICE_X110Y36                                                     r  timer_reg[10]/C
                         clock pessimism              0.617     3.237    
                         clock uncertainty           -0.065     3.172    
    SLICE_X110Y36        FDRE (Setup_fdre_C_R)       -0.429     2.743    timer_reg[10]
  -------------------------------------------------------------------
                         required time                          2.743    
                         arrival time                          -3.020    
  -------------------------------------------------------------------
                         slack                                 -0.277    





Min Delay Paths
--------------------------------------------------------------------------------------
Slack (MET) :             0.268ns  (arrival time - required time)
  Source:                 timer_reg[2]/C
                            (rising edge-triggered cell FDRE clocked by clk_250MHz_clk_base_1  {rise@0.000ns fall@2.000ns period=4.000ns})
  Destination:            timer_reg[2]/D
                            (rising edge-triggered cell FDRE clocked by clk_250MHz_clk_base_1  {rise@0.000ns fall@2.000ns period=4.000ns})
  Path Group:             clk_250MHz_clk_base_1
  Path Type:              Hold (Min at Fast Process Corner)
  Requirement:            0.000ns  (clk_250MHz_clk_base_1 rise@0.000ns - clk_250MHz_clk_base_1 rise@0.000ns)
  Data Path Delay:        0.373ns  (logic 0.252ns (67.478%)  route 0.121ns (32.522%))
  Logic Levels:           1  (CARRY4=1)
  Clock Path Skew:        0.000ns (DCD - SCD - CPR)
    Destination Clock Delay (DCD):    -0.780ns
    Source Clock Delay      (SCD):    -0.543ns
    Clock Pessimism Removal (CPR):    -0.237ns

    Location             Delay type                Incr(ns)  Path(ns)    Netlist Resource(s)
  -------------------------------------------------------------------    -------------------
                         (clock clk_250MHz_clk_base_1 rise edge)
                                                      0.000     0.000 r  
    Y9                                                0.000     0.000 r  gclk
                         net (fo=0)                   0.000     0.000    fastclk/U0/clk_100MHz
    Y9                   IBUF (Prop_ibuf_I_O)         0.258     0.258 r  fastclk/U0/clkin1_ibufg/O
                         net (fo=1, routed)           0.440     0.698    fastclk/U0/clk_100MHz_clk_base
    MMCME2_ADV_X0Y0      MMCME2_ADV (Prop_mmcme2_adv_CLKIN1_CLKOUT0)
                                                     -2.421    -1.722 r  fastclk/U0/mmcm_adv_inst/CLKOUT0
                         net (fo=1, routed)           0.518    -1.204    fastclk/U0/clk_250MHz_clk_base
    BUFGCTRL_X0Y0        BUFG (Prop_bufg_I_O)         0.026    -1.178 r  fastclk/U0/clkout1_buf/O
                         net (fo=28, routed)          0.636    -0.543    clk_250MHz
    SLICE_X110Y34                                                     r  timer_reg[2]/C
  -------------------------------------------------------------------    -------------------
    SLICE_X110Y34        FDRE (Prop_fdre_C_Q)         0.141    -0.402 r  timer_reg[2]/Q
                         net (fo=1, routed)           0.121    -0.280    n_0_timer_reg[2]
    SLICE_X110Y34        CARRY4 (Prop_carry4_S[2]_O[2])
                                                      0.111    -0.169 r  timer_reg[0]_i_2/O[2]
                         net (fo=1, routed)           0.000    -0.169    n_5_timer_reg[0]_i_2
    SLICE_X110Y34        FDRE                                         r  timer_reg[2]/D
  -------------------------------------------------------------------    -------------------

                         (clock clk_250MHz_clk_base_1 rise edge)
                                                      0.000     0.000 r  
    Y9                                                0.000     0.000 r  gclk
                         net (fo=0)                   0.000     0.000    fastclk/U0/clk_100MHz
    Y9                   IBUF (Prop_ibuf_I_O)         0.446     0.446 r  fastclk/U0/clkin1_ibufg/O
                         net (fo=1, routed)           0.480     0.926    fastclk/U0/clk_100MHz_clk_base
    MMCME2_ADV_X0Y0      MMCME2_ADV (Prop_mmcme2_adv_CLKIN1_CLKOUT0)
                                                     -3.204    -2.278 r  fastclk/U0/mmcm_adv_inst/CLKOUT0
                         net (fo=1, routed)           0.564    -1.714    fastclk/U0/clk_250MHz_clk_base
    BUFGCTRL_X0Y0        BUFG (Prop_bufg_I_O)         0.029    -1.685 r  fastclk/U0/clkout1_buf/O
                         net (fo=28, routed)          0.905    -0.780    clk_250MHz
    SLICE_X110Y34                                                     r  timer_reg[2]/C
                         clock pessimism              0.237    -0.543    
    SLICE_X110Y34        FDRE (Hold_fdre_C_D)         0.105    -0.438    timer_reg[2]
  -------------------------------------------------------------------
                         required time                          0.438    
                         arrival time                          -0.169    
  -------------------------------------------------------------------
                         slack                                  0.268    





Pulse Width Checks
--------------------------------------------------------------------------------------
Clock Name:         clk_250MHz_clk_base_1
Waveform:           { 0 2 }
Period:             4.000
Sources:            { fastclk/U0/mmcm_adv_inst/CLKOUT0 }

Check Type        Corner  Lib Pin             Reference Pin  Required  Actual  Slack    Location         Pin
Min Period        n/a     BUFG/I              n/a            2.155     4.000   1.845    BUFGCTRL_X0Y0    fastclk/U0/clkout1_buf/I
Max Period        n/a     MMCME2_ADV/CLKOUT0  n/a            213.360   4.000   209.360  MMCME2_ADV_X0Y0  fastclk/U0/mmcm_adv_inst/CLKOUT0
Low Pulse Width   Fast    FDRE/C              n/a            0.500     2.000   1.500    SLICE_X111Y40    leds_reg[7]/C
High Pulse Width  Slow    FDRE/C              n/a            0.500     2.000   1.500    SLICE_X111Y40    leds_reg[7]/C



---------------------------------------------------------------------------------------------------
From Clock:  clkfbout_clk_base_1
  To Clock:  clkfbout_clk_base_1

Setup :               Failing Endpoints,  Worst Slack               ,  Total Violation             
Hold  :               Failing Endpoints,  Worst Slack               ,  Total Violation             
PW    :            0  Failing Endpoints,  Worst Slack        7.845ns,  Total Violation        0.000ns
---------------------------------------------------------------------------------------------------


Pulse Width Checks
--------------------------------------------------------------------------------------
Clock Name:         clkfbout_clk_base_1
Waveform:           { 0 5 }
Period:             10.000
Sources:            { fastclk/U0/mmcm_adv_inst/CLKFBOUT }

Check Type  Corner  Lib Pin             Reference Pin  Required  Actual  Slack   Location         Pin
Min Period  n/a     BUFG/I              n/a            2.155     10.000  7.845   BUFGCTRL_X0Y1    fastclk/U0/clkf_buf/I
Max Period  n/a     MMCME2_ADV/CLKFBIN  n/a            100.000   10.000  90.000  MMCME2_ADV_X0Y0  fastclk/U0/mmcm_adv_inst/CLKFBIN



